<?xml version="1.0" encoding="UTF-8"?>
<!-- Generated by org.testng.reporters.JUnitReportReporter -->
<testsuite hostname="DESKTOP-GUOD0BD" failures="0" tests="1" name="QA_Task.NewTest" time="12.915" errors="0" timestamp="2024-12-16T11:11:16 GMT+05:45" skipped="0">
  <testcase classname="QA_Task.NewTest" name="validateFooterContent" time="12.915"/>
</testsuite> <!-- QA_Task.NewTest -->
